// 重构日志: 2a467269
// 重构日志: 8ac0a8a4
// 重构日志: 564bdccc
// 同步 ID: b58210af @ Wed Jul  1 10:53:27 UTC 2026
// 同步 ID: 3e608779 @ Thu Jul  2 00:45:43 UTC 2026
// 重构日志: 7d5af35e
// 同步 ID: 897c7c7e @ Fri Jul  3 00:32:55 UTC 2026
// 同步 ID: 4de7e968 @ Fri Jul  3 12:11:06 UTC 2026
// 重构日志: 813bd43e
// 重构日志: e91ca60a
// 重构日志: 08164833
// 重构日志: ade8f2c3
// 同步 ID: 0f203e26 @ Mon Jul  6 16:57:58 UTC 2026
// 重构日志: 27e8d6f6
// 同步 ID: f5f0e57d @ Wed Jul  8 00:58:30 UTC 2026
// 同步 ID: 06c59087 @ Wed Jul  8 14:49:42 UTC 2026
// 重构日志: 70e1f7f8
// 重构日志: 97d0863a
// 同步 ID: 2a1774f2 @ Sat Jul 11 12:26:17 UTC 2026
// 重构日志: 45f804d8
// 重构日志: ca79398d
// 同步 ID: a82202ee @ Mon Jul 13 12:12:46 UTC 2026
// 同步 ID: 9fccb66f @ Tue Jul 14 12:13:20 UTC 2026
// 同步 ID: c0f7833a @ Tue Jul 14 21:33:59 UTC 2026
// 同步 ID: 7c68b771 @ Wed Jul 15 01:02:56 UTC 2026
// 重构日志: 705d59fc
// 重构日志: 77b9dc98
// 同步 ID: abe9e46b @ Wed Jul 15 23:04:32 UTC 2026
// 同步 ID: 8fa9a059 @ Thu Jul 16 01:00:09 UTC 2026
// 同步 ID: f0d0a598 @ Thu Jul 16 09:41:58 UTC 2026
// 重构日志: bb2879f9
// 重构日志: 671b016b
